# JRE version: Java(TM) SE Runtime Environment (8.0_73-b02) (build 1.8.0_73-b02)
# Java VM: Java HotSpot(TM) 64-Bit Server VM (25.73-b02 mixed mode windows-amd64 compressed oops)
Heap:
 PSYoungGen      total 255488K, used 209664K [0x00000000eab00000, 0x00000000ffe00000, 0x0000000100000000)
  eden space 222208K, 85% used [0x00000000eab00000,0x00000000f64e7120,0x00000000f8400000)
  from space 33280K, 57% used [0x00000000fb780000,0x00000000fca59070,0x00000000fd800000)
  to   space 52736K, 0% used [0x00000000f8400000,0x00000000f8400000,0x00000000fb780000)
 ParOldGen       total 79360K, used 79077K [0x00000000c0000000, 0x00000000c4d80000, 0x00000000eab00000)
  object space 79360K, 99% used [0x00000000c0000000,0x00000000c4d397f8,0x00000000c4d80000)
 Metaspace       used 6538K, capacity 7256K, committed 7424K, reserved 1056768K
  class space    used 625K, capacity 656K, committed 768K, reserved 1048576K
GC Heap History (10 events):
Event: 5.409 GC heap before
{Heap before GC invocations=3 (full 0):
 PSYoungGen      total 65024K, used 65018K [0x00000000eab00000, 0x00000000eef00000, 0x0000000100000000)
  eden space 60416K, 100% used [0x00000000eab00000,0x00000000ee600000,0x00000000ee600000)
  from space 4608K, 99% used [0x00000000eea80000,0x00000000eeefeac8,0x00000000eef00000)
  to   space 4608K, 0% used [0x00000000ee600000,0x00000000ee600000,0x00000000eea80000)
 ParOldGen       total 79360K, used 1700K [0x00000000c0000000, 0x00000000c4d80000, 0x00000000eab00000)
  object space 79360K, 2% used [0x00000000c0000000,0x00000000c01a9010,0x00000000c4d80000)
 Metaspace       used 6287K, capacity 7152K, committed 7296K, reserved 1056768K
  class space    used 602K, capacity 616K, committed 640K, reserved 1048576K
Event: 5.456 GC heap after
Heap after GC invocations=3 (full 0):
 PSYoungGen      total 65024K, used 4608K [0x00000000eab00000, 0x00000000f2a00000, 0x0000000100000000)
  eden space 60416K, 0% used [0x00000000eab00000,0x00000000eab00000,0x00000000ee600000)
  from space 4608K, 100% used [0x00000000ee600000,0x00000000eea80000,0x00000000eea80000)
  to   space 4608K, 0% used [0x00000000f2580000,0x00000000f2580000,0x00000000f2a00000)
 ParOldGen       total 79360K, used 10561K [0x00000000c0000000, 0x00000000c4d80000, 0x00000000eab00000)
  object space 79360K, 13% used [0x00000000c0000000,0x00000000c0a50558,0x00000000c4d80000)
 Metaspace       used 6287K, capacity 7152K, committed 7296K, reserved 1056768K
  class space    used 602K, capacity 616K, committed 640K, reserved 1048576K
}
Event: 7.946 GC heap before
{Heap before GC invocations=4 (full 0):
 PSYoungGen      total 65024K, used 65024K [0x00000000eab00000, 0x00000000f2a00000, 0x0000000100000000)
  eden space 60416K, 100% used [0x00000000eab00000,0x00000000ee600000,0x00000000ee600000)
  from space 4608K, 100% used [0x00000000ee600000,0x00000000eea80000,0x00000000eea80000)
  to   space 4608K, 0% used [0x00000000f2580000,0x00000000f2580000,0x00000000f2a00000)
 ParOldGen       total 79360K, used 10561K [0x00000000c0000000, 0x00000000c4d80000, 0x00000000eab00000)
  object space 79360K, 13% used [0x00000000c0000000,0x00000000c0a50558,0x00000000c4d80000)
 Metaspace       used 6481K, capacity 7192K, committed 7424K, reserved 1056768K
  class space    used 623K, capacity 656K, committed 768K, reserved 1048576K
Event: 8.105 GC heap after
Heap after GC invocations=4 (full 0):
 PSYoungGen      total 125440K, used 4608K [0x00000000eab00000, 0x00000000f2a00000, 0x0000000100000000)
  eden space 120832K, 0% used [0x00000000eab00000,0x00000000eab00000,0x00000000f2100000)
  from space 4608K, 100% used [0x00000000f2580000,0x00000000f2a00000,0x00000000f2a00000)
  to   space 4608K, 0% used [0x00000000f2100000,0x00000000f2100000,0x00000000f2580000)
 ParOldGen       total 79360K, used 19364K [0x00000000c0000000, 0x00000000c4d80000, 0x00000000eab00000)
  object space 79360K, 24% used [0x00000000c0000000,0x00000000c12e92a0,0x00000000c4d80000)
 Metaspace       used 6481K, capacity 7192K, committed 7424K, reserved 1056768K
  class space    used 623K, capacity 656K, committed 768K, reserved 1048576K
}
Event: 13.120 GC heap before
{Heap before GC invocations=5 (full 0):
 PSYoungGen      total 125440K, used 125440K [0x00000000eab00000, 0x00000000f2a00000, 0x0000000100000000)
  eden space 120832K, 100% used [0x00000000eab00000,0x00000000f2100000,0x00000000f2100000)
  from space 4608K, 100% used [0x00000000f2580000,0x00000000f2a00000,0x00000000f2a00000)
  to   space 4608K, 0% used [0x00000000f2100000,0x00000000f2100000,0x00000000f2580000)
 ParOldGen       total 79360K, used 19364K [0x00000000c0000000, 0x00000000c4d80000, 0x00000000eab00000)
  object space 79360K, 24% used [0x00000000c0000000,0x00000000c12e92a0,0x00000000c4d80000)
 Metaspace       used 6520K, capacity 7256K, committed 7424K, reserved 1056768K
  class space    used 623K, capacity 656K, committed 768K, reserved 1048576K
Event: 13.424 GC heap after
Heap after GC invocations=5 (full 0):
 PSYoungGen      total 125440K, used 4594K [0x00000000eab00000, 0x00000000fd800000, 0x0000000100000000)
  eden space 120832K, 0% used [0x00000000eab00000,0x00000000eab00000,0x00000000f2100000)
  from space 4608K, 99% used [0x00000000f2100000,0x00000000f257c830,0x00000000f2580000)
  to   space 33280K, 0% used [0x00000000fb780000,0x00000000fb780000,0x00000000fd800000)
 ParOldGen       total 79360K, used 49205K [0x00000000c0000000, 0x00000000c4d80000, 0x00000000eab00000)
  object space 79360K, 62% used [0x00000000c0000000,0x00000000c300d480,0x00000000c4d80000)
 Metaspace       used 6520K, capacity 7256K, committed 7424K, reserved 1056768K
  class space    used 623K, capacity 656K, committed 768K, reserved 1048576K
}
Event: 15.138 GC heap before
{Heap before GC invocations=6 (full 0):
 PSYoungGen      total 125440K, used 125426K [0x00000000eab00000, 0x00000000fd800000, 0x0000000100000000)
  eden space 120832K, 100% used [0x00000000eab00000,0x00000000f2100000,0x00000000f2100000)
  from space 4608K, 99% used [0x00000000f2100000,0x00000000f257c830,0x00000000f2580000)
  to   space 33280K, 0% used [0x00000000fb780000,0x00000000fb780000,0x00000000fd800000)
 ParOldGen       total 79360K, used 49205K [0x00000000c0000000, 0x00000000c4d80000, 0x00000000eab00000)
  object space 79360K, 62% used [0x00000000c0000000,0x00000000c300d480,0x00000000c4d80000)
 Metaspace       used 6528K, capacity 7256K, committed 7424K, reserved 1056768K
  class space    used 624K, capacity 656K, committed 768K, reserved 1048576K
Event: 15.396 GC heap after
Heap after GC invocations=6 (full 0):
 PSYoungGen      total 255488K, used 33259K [0x00000000eab00000, 0x00000000ffe00000, 0x0000000100000000)
  eden space 222208K, 0% used [0x00000000eab00000,0x00000000eab00000,0x00000000f8400000)
  from space 33280K, 99% used [0x00000000fb780000,0x00000000fd7fafc0,0x00000000fd800000)
  to   space 52736K, 0% used [0x00000000f8400000,0x00000000f8400000,0x00000000fb780000)
 ParOldGen       total 79360K, used 69949K [0x00000000c0000000, 0x00000000c4d80000, 0x00000000eab00000)
  object space 79360K, 88% used [0x00000000c0000000,0x00000000c444f530,0x00000000c4d80000)
 Metaspace       used 6528K, capacity 7256K, committed 7424K, reserved 1056768K
  class space    used 624K, capacity 656K, committed 768K, reserved 1048576K
}
Event: 15.396 GC heap before
{Heap before GC invocations=7 (full 1):
 PSYoungGen      total 255488K, used 33259K [0x00000000eab00000, 0x00000000ffe00000, 0x0000000100000000)
  eden space 222208K, 0% used [0x00000000eab00000,0x00000000eab00000,0x00000000f8400000)
  from space 33280K, 99% used [0x00000000fb780000,0x00000000fd7fafc0,0x00000000fd800000)
  to   space 52736K, 0% used [0x00000000f8400000,0x00000000f8400000,0x00000000fb780000)
 ParOldGen       total 79360K, used 69949K [0x00000000c0000000, 0x00000000c4d80000, 0x00000000eab00000)
  object space 79360K, 88% used [0x00000000c0000000,0x00000000c444f530,0x00000000c4d80000)
 Metaspace       used 6528K, capacity 7256K, committed 7424K, reserved 1056768K
  class space    used 624K, capacity 656K, committed 768K, reserved 1048576K
Event: 18.202 GC heap after
Heap after GC invocations=7 (full 1):
 PSYoungGen      total 255488K, used 19300K [0x00000000eab00000, 0x00000000ffe00000, 0x0000000100000000)
  eden space 222208K, 0% used [0x00000000eab00000,0x00000000eab00000,0x00000000f8400000)
  from space 33280K, 57% used [0x00000000fb780000,0x00000000fca59070,0x00000000fd800000)
  to   space 52736K, 0% used [0x00000000f8400000,0x00000000f8400000,0x00000000fb780000)
 ParOldGen       total 79360K, used 79077K [0x00000000c0000000, 0x00000000c4d80000, 0x00000000eab00000)
  object space 79360K, 99% used [0x00000000c0000000,0x00000000c4d397f8,0x00000000c4d80000)
 Metaspace       used 6528K, capacity 7256K, committed 7424K, reserved 1056768K
  class space    used 624K, capacity 656K, committed 768K, reserved 1048576K
}

